<?xml version="1.0" encoding="UTF-8"?>
<!-- Generated by org.testng.reporters.JUnitXMLReporter -->
<testsuite hostname="LapWinX-DAC8" ignored="0" name="API Tests" tests="6" failures="1" timestamp="11 Sep 2018 16:14:07 GMT" time="9.986" errors="0">
  <testcase name="setupTest" time="4.357" classname="com.github.rest.yaml.test.TestClass"/>
  <testcase name="setupTest" time="1.188" classname="com.github.rest.yaml.test.TestClass"/>
  <testcase name="setupTest" time="1.076" classname="com.github.rest.yaml.test.TestClass"/>
  <testcase name="setupTest" time="1.049" classname="com.github.rest.yaml.test.TestClass"/>
  <testcase name="setupTest" time="1.05" classname="com.github.rest.yaml.test.TestClass"/>
  <testcase name="setupTest" time="1.124" classname="com.github.rest.yaml.test.TestClass">
    <failure type="java.lang.AssertionError" message="
Expected: &amp;lt;201&amp;gt;
     but: was &amp;lt;200&amp;gt;">
      <![CDATA[java.lang.AssertionError: 
Expected: <201>
     but: was <200>
at org.hamcrest.MatcherAssert.assertThat(MatcherAssert.java:20)
at org.hamcrest.MatcherAssert.assertThat(MatcherAssert.java:8)
at com.github.rest.yaml.test.RestResponse.doAssert(RestResponse.java:27)
at com.github.rest.yaml.test.TestClass.setupTest(TestClass.java:64)
... Removed 25 stack frames]]>
    </failure>
  </testcase> <!-- setupTest -->
</testsuite> <!-- API Tests -->
