<?xml version="1.0" encoding="UTF-8"?>
<!-- Generated by org.testng.reporters.JUnitXMLReporter -->
<testsuite hostname="LapWinX-DAC8" ignored="0" name="Customer_FeedBack" tests="5" failures="1" timestamp="11 Sep 2018 13:14:44 GMT" time="12.67" errors="0">
  <testcase name="setupTest" time="6.21" classname="com.github.rest.yaml.test.TestClass">
    <failure type="java.lang.AssertionError" message="
Expected: &amp;lt;201&amp;gt;
     but: was &amp;lt;200&amp;gt;">
      <![CDATA[java.lang.AssertionError: 
Expected: <201>
     but: was <200>
at org.hamcrest.MatcherAssert.assertThat(MatcherAssert.java:20)
at org.hamcrest.MatcherAssert.assertThat(MatcherAssert.java:8)
at com.github.rest.yaml.test.RestResponse.doAssert(RestResponse.java:27)
at com.github.rest.yaml.test.TestClass.setupTest(TestClass.java:64)
... Removed 25 stack frames]]>
    </failure>
  </testcase> <!-- setupTest -->
  <testcase name="setupTest" time="1.445" classname="com.github.rest.yaml.test.TestClass"/>
  <testcase name="setupTest" time="1.125" classname="com.github.rest.yaml.test.TestClass"/>
  <testcase name="setupTest" time="1.243" classname="com.github.rest.yaml.test.TestClass"/>
  <testcase name="setupTest" time="2.532" classname="com.github.rest.yaml.test.TestClass"/>
</testsuite> <!-- Customer_FeedBack -->
